<?xml version="1.0" encoding="UTF-8"?>
<!-- Generated by org.testng.reporters.JUnitReportReporter -->
<testsuite hostname="User-PC" name="com.powerhouse.powerMailAndLytics.AutoLogin" tests="2" failures="0" timestamp="16 Apr 2018 06:47:04 GMT" time="40.379" errors="0">
  <testcase name="powerLytic" time="26.217" classname="com.powerhouse.powerMailAndLytics.AutoLogin"/>
  <testcase name="powerMail" time="14.162" classname="com.powerhouse.powerMailAndLytics.AutoLogin"/>
</testsuite> <!-- com.powerhouse.powerMailAndLytics.AutoLogin -->
