<?xml version="1.0" encoding="UTF-8"?>
<!-- Generated by org.testng.reporters.JUnitReportReporter -->
<testsuite hostname="User-PC" name="com.powerhouse.loginLogOutTest.LoginAndLogOut" tests="2" failures="0" timestamp="23 Jan 2018 08:53:12 GMT" time="28.680" errors="0">
  <testcase name="logInWithFaceBook" time="13.617" classname="com.powerhouse.loginLogOutTest.LoginAndLogOut"/>
  <testcase name="logInWithGoogle" time="15.063" classname="com.powerhouse.loginLogOutTest.LoginAndLogOut"/>
</testsuite> <!-- com.powerhouse.loginLogOutTest.LoginAndLogOut -->
