<?xml version="1.0" encoding="UTF-8"?>
<!-- Generated by org.testng.reporters.JUnitReportReporter -->
<testsuite hostname="User-PC" name="com.powerhouse.testCase.Checking" tests="1" failures="0" timestamp="14 Feb 2018 07:21:13 GMT" time="15.343" errors="0">
  <testcase name="f" time="15.343" classname="com.powerhouse.testCase.Checking"/>
</testsuite> <!-- com.powerhouse.testCase.Checking -->
