<?xml version="1.0" encoding="UTF-8"?>
<!-- Generated by org.testng.reporters.JUnitReportReporter -->
<testsuite hostname="User-PC" name="com.powerhouse.testCase.Checking" tests="1" failures="0" timestamp="22 Jan 2018 11:20:42 GMT" time="29.765" errors="0">
  <testcase name="f" time="29.765" classname="com.powerhouse.testCase.Checking"/>
</testsuite> <!-- com.powerhouse.testCase.Checking -->
