<?xml version="1.0" encoding="UTF-8"?>
<!-- Generated by org.testng.reporters.JUnitReportReporter -->
<testsuite hostname="User-PC" name="com.powerhouse.powersite.PowerSiteOption" tests="1" failures="0" timestamp="3 Apr 2018 05:29:40 GMT" time="13.929" errors="0">
  <testcase name="powersiteFunctionWith0SiteCreation" time="13.929" classname="com.powerhouse.powersite.PowerSiteOption"/>
</testsuite> <!-- com.powerhouse.powersite.PowerSiteOption -->
