<?xml version="1.0" encoding="UTF-8"?>
<!-- Generated by org.testng.reporters.JUnitReportReporter -->
<testsuite hostname="User-PC" name="com.powerhouse.powerMailAndLytics.AutoLogin" tests="2" failures="0" timestamp="26 Apr 2018 05:23:41 GMT" time="46.267" errors="0">
  <testcase name="powerLytic" time="29.448" classname="com.powerhouse.powerMailAndLytics.AutoLogin"/>
  <testcase name="powerMail" time="16.819" classname="com.powerhouse.powerMailAndLytics.AutoLogin"/>
</testsuite> <!-- com.powerhouse.powerMailAndLytics.AutoLogin -->
