<?xml version="1.0" encoding="UTF-8"?>
<!-- Generated by org.testng.reporters.JUnitReportReporter -->
<testsuite hostname="User-PC" name="com.powerhouse.loginLogOutTest.LoginAndLogOut" tests="2" failures="0" timestamp="13 Feb 2018 10:40:41 GMT" time="55.072" errors="0">
  <testcase name="logInWithFaceBook" time="24.730" classname="com.powerhouse.loginLogOutTest.LoginAndLogOut"/>
  <testcase name="logInWithGoogle" time="30.342" classname="com.powerhouse.loginLogOutTest.LoginAndLogOut"/>
</testsuite> <!-- com.powerhouse.loginLogOutTest.LoginAndLogOut -->
