<?xml version="1.0" encoding="UTF-8"?>
<!-- Generated by org.testng.reporters.JUnitReportReporter -->
<testsuite hostname="User-PC" name="com.powerhouse.powersite.PowerSiteCreation" tests="3" failures="0" timestamp="15 Feb 2018 05:51:41 GMT" time="60.039" errors="0">
  <testcase name="deleteSite" time="8.754" classname="com.powerhouse.powersite.PowerSiteCreation"/>
  <testcase name="checkSiteCreatedOrNot" time="16.799" classname="com.powerhouse.powersite.PowerSiteCreation"/>
  <testcase name="ByDomain" time="34.486" classname="com.powerhouse.powersite.PowerSiteCreation"/>
</testsuite> <!-- com.powerhouse.powersite.PowerSiteCreation -->
