<?xml version="1.0" encoding="UTF-8"?>
<!-- Generated by org.testng.reporters.JUnitReportReporter -->
<testsuite hostname="User-PC" name="com.powerhouse.testCase.Checking" tests="1" failures="0" timestamp="22 Jan 2018 12:44:26 GMT" time="16.799" errors="0">
  <testcase name="f" time="16.799" classname="com.powerhouse.testCase.Checking"/>
</testsuite> <!-- com.powerhouse.testCase.Checking -->
