<?xml version="1.0" encoding="UTF-8"?>
<!-- Generated by org.testng.reporters.JUnitReportReporter -->
<testsuite hostname="User-PC" name="com.powerhouse.powersite.PowerSiteSubscription" tests="1" failures="0" timestamp="4 Apr 2018 07:02:27 GMT" time="66.087" errors="0">
  <testcase name="purchageStartupPlan" time="66.087" classname="com.powerhouse.powersite.PowerSiteSubscription"/>
</testsuite> <!-- com.powerhouse.powersite.PowerSiteSubscription -->
