<?xml version="1.0" encoding="UTF-8"?>
<!-- Generated by org.testng.reporters.JUnitReportReporter -->
<testsuite hostname="User-PC" name="com.powerhouse.powersite.PowerSiteSubscription" tests="1" failures="0" timestamp="26 Apr 2018 05:22:15 GMT" time="217.538" errors="0">
  <testcase name="purchageStartupPlan" time="217.538" classname="com.powerhouse.powersite.PowerSiteSubscription"/>
</testsuite> <!-- com.powerhouse.powersite.PowerSiteSubscription -->
