<?xml version="1.0" encoding="UTF-8"?>
<!-- Generated by org.testng.reporters.JUnitReportReporter -->
<testsuite hostname="User-PC" name="com.powerhouse.powersite.PowerSiteSubscription" tests="1" failures="0" timestamp="16 Apr 2018 10:03:14 GMT" time="67.182" errors="0">
  <testcase name="purchageStartupPlan" time="67.182" classname="com.powerhouse.powersite.PowerSiteSubscription"/>
</testsuite> <!-- com.powerhouse.powersite.PowerSiteSubscription -->
