<?xml version="1.0" encoding="UTF-8"?>
<!-- Generated by org.testng.reporters.JUnitReportReporter -->
<testsuite hostname="User-PC" name="com.powerhouse.testCase.Checking" tests="1" failures="0" timestamp="22 Jan 2018 11:21:53 GMT" time="41.996" errors="0">
  <testcase name="f" time="41.996" classname="com.powerhouse.testCase.Checking"/>
</testsuite> <!-- com.powerhouse.testCase.Checking -->
