<?xml version="1.0" encoding="UTF-8"?>
<!-- Generated by org.testng.reporters.JUnitReportReporter -->
<testsuite hostname="User-PC" name="com.powerhouse.powersite.PowerSiteSubscription" tests="1" failures="0" timestamp="24 Apr 2018 04:40:17 GMT" time="64.175" errors="1">
  <testcase name="purchageStartupPlan" time="64.175" classname="com.powerhouse.powersite.PowerSiteSubscription">
    <error type="org.openqa.selenium.StaleElementReferenceException" message="stale element reference: element is not attached to the page document
  (Session info: chrome=65.0.3325.146)
  (Driver info: chromedriver=2.36.540470 (e522d04694c7ebea4ba8821272dbef4f9b818c91),platform=Windows NT 10.0.16299 x86_64) (WARNING: The server did not provide any stacktrace information)
Command duration or timeout: 14 milliseconds
For documentation on this error, please visit: http://seleniumhq.org/exceptions/stale_element_reference.html
Build info: version: &#039;2.53.0&#039;, revision: &#039;35ae25b&#039;, time: &#039;2016-03-15 17:00:58&#039;
System info: host: &#039;185-129-71-175&#039;, ip: &#039;185.129.71.175&#039;, os.name: &#039;windows&#039;, os.arch: &#039;x86&#039;, os.version: &#039;10.0&#039;, java.version: &#039;1.8.0_161&#039;
Driver info: org.openqa.selenium.chrome.ChromeDriver
Capabilities [{applicationCacheEnabled=false, rotatable=false, mobileEmulationEnabled=false, networkConnectionEnabled=false, chrome={chromedriverVersion=2.36.540470 (e522d04694c7ebea4ba8821272dbef4f9b818c91), userDataDir=C:\Windows\proxy\scoped_dir368_25757}, takesHeapSnapshot=true, pageLoadStrategy=normal, databaseEnabled=false, handlesAlerts=true, hasTouchScreen=false, version=65.0.3325.146, platform=XP, browserConnectionEnabled=false, nativeEvents=true, acceptSslCerts=false, acceptInsecureCerts=false, locationContextEnabled=true, webStorageEnabled=true, browserName=chrome, takesScreenshot=true, javascriptEnabled=true, cssSelectorsEnabled=true, setWindowRect=true, unexpectedAlertBehaviour=}]
Session ID: c155f2479bf0d5db2ceaa11341e9700a
Command duration or timeout: 1.11 seconds
For documentation on this error, please visit: http://seleniumhq.org/exceptions/stale_element_reference.html
Build info: version: &#039;2.51.0&#039;, revision: &#039;1af067dbcaedd7d2ab9af5151fc471d363d97193&#039;, time: &#039;2016-02-05 11:20:57&#039;
System info: host: &#039;User-PC&#039;, ip: &#039;169.254.73.225&#039;, os.name: &#039;Windows 7&#039;, os.arch: &#039;amd64&#039;, os.version: &#039;6.1&#039;, java.version: &#039;1.8.0_144&#039;
Driver info: org.openqa.selenium.remote.RemoteWebDriver
Capabilities [{mobileEmulationEnabled=false, hasTouchScreen=false, platform=XP, acceptSslCerts=false, acceptInsecureCerts=false, webStorageEnabled=true, browserName=chrome, takesScreenshot=true, javascriptEnabled=true, setWindowRect=true, unexpectedAlertBehaviour=, applicationCacheEnabled=false, rotatable=false, networkConnectionEnabled=false, chrome={chromedriverVersion=2.36.540470 (e522d04694c7ebea4ba8821272dbef4f9b818c91), userDataDir=C:\Windows\proxy\scoped_dir368_25757}, takesHeapSnapshot=true, pageLoadStrategy=normal, databaseEnabled=false, handlesAlerts=true, version=65.0.3325.146, browserConnectionEnabled=false, nativeEvents=true, webdriver.remote.sessionid=a5e6ae20986bf0de18ab15ed9278280c33e06562, locationContextEnabled=true, cssSelectorsEnabled=true}]
Session ID: a5e6ae20986bf0de18ab15ed9278280c33e06562">
      <![CDATA[org.openqa.selenium.StaleElementReferenceException: stale element reference: element is not attached to the page document
  (Session info: chrome=65.0.3325.146)
  (Driver info: chromedriver=2.36.540470 (e522d04694c7ebea4ba8821272dbef4f9b818c91),platform=Windows NT 10.0.16299 x86_64) (WARNING: The server did not provide any stacktrace information)
Command duration or timeout: 14 milliseconds
For documentation on this error, please visit: http://seleniumhq.org/exceptions/stale_element_reference.html
Build info: version: '2.53.0', revision: '35ae25b', time: '2016-03-15 17:00:58'
System info: host: '185-129-71-175', ip: '185.129.71.175', os.name: 'windows', os.arch: 'x86', os.version: '10.0', java.version: '1.8.0_161'
Driver info: org.openqa.selenium.chrome.ChromeDriver
Capabilities [{applicationCacheEnabled=false, rotatable=false, mobileEmulationEnabled=false, networkConnectionEnabled=false, chrome={chromedriverVersion=2.36.540470 (e522d04694c7ebea4ba8821272dbef4f9b818c91), userDataDir=C:\Windows\proxy\scoped_dir368_25757}, takesHeapSnapshot=true, pageLoadStrategy=normal, databaseEnabled=false, handlesAlerts=true, hasTouchScreen=false, version=65.0.3325.146, platform=XP, browserConnectionEnabled=false, nativeEvents=true, acceptSslCerts=false, acceptInsecureCerts=false, locationContextEnabled=true, webStorageEnabled=true, browserName=chrome, takesScreenshot=true, javascriptEnabled=true, cssSelectorsEnabled=true, setWindowRect=true, unexpectedAlertBehaviour=}]
Session ID: c155f2479bf0d5db2ceaa11341e9700a
Command duration or timeout: 1.11 seconds
For documentation on this error, please visit: http://seleniumhq.org/exceptions/stale_element_reference.html
Build info: version: '2.51.0', revision: '1af067dbcaedd7d2ab9af5151fc471d363d97193', time: '2016-02-05 11:20:57'
System info: host: 'User-PC', ip: '169.254.73.225', os.name: 'Windows 7', os.arch: 'amd64', os.version: '6.1', java.version: '1.8.0_144'
Driver info: org.openqa.selenium.remote.RemoteWebDriver
Capabilities [{mobileEmulationEnabled=false, hasTouchScreen=false, platform=XP, acceptSslCerts=false, acceptInsecureCerts=false, webStorageEnabled=true, browserName=chrome, takesScreenshot=true, javascriptEnabled=true, setWindowRect=true, unexpectedAlertBehaviour=, applicationCacheEnabled=false, rotatable=false, networkConnectionEnabled=false, chrome={chromedriverVersion=2.36.540470 (e522d04694c7ebea4ba8821272dbef4f9b818c91), userDataDir=C:\Windows\proxy\scoped_dir368_25757}, takesHeapSnapshot=true, pageLoadStrategy=normal, databaseEnabled=false, handlesAlerts=true, version=65.0.3325.146, browserConnectionEnabled=false, nativeEvents=true, webdriver.remote.sessionid=a5e6ae20986bf0de18ab15ed9278280c33e06562, locationContextEnabled=true, cssSelectorsEnabled=true}]
Session ID: a5e6ae20986bf0de18ab15ed9278280c33e06562
	at sun.reflect.NativeConstructorAccessorImpl.newInstance0(Native Method)
	at sun.reflect.NativeConstructorAccessorImpl.newInstance(Unknown Source)
	at sun.reflect.DelegatingConstructorAccessorImpl.newInstance(Unknown Source)
	at java.lang.reflect.Constructor.newInstance(Unknown Source)
	at org.openqa.selenium.remote.ErrorHandler.createThrowable(ErrorHandler.java:206)
	at org.openqa.selenium.remote.ErrorHandler.throwIfResponseFailed(ErrorHandler.java:158)
	at org.openqa.selenium.remote.RemoteWebDriver.execute(RemoteWebDriver.java:678)
	at org.openqa.selenium.remote.RemoteWebElement.execute(RemoteWebElement.java:327)
	at org.openqa.selenium.remote.RemoteWebElement.isDisplayed(RemoteWebElement.java:368)
	at sun.reflect.NativeMethodAccessorImpl.invoke0(Native Method)
	at sun.reflect.NativeMethodAccessorImpl.invoke(Unknown Source)
	at sun.reflect.DelegatingMethodAccessorImpl.invoke(Unknown Source)
	at java.lang.reflect.Method.invoke(Unknown Source)
	at org.openqa.selenium.support.pagefactory.internal.LocatingElementHandler.invoke(LocatingElementHandler.java:51)
	at com.sun.proxy.$Proxy5.isDisplayed(Unknown Source)
	at org.openqa.selenium.support.ui.ExpectedConditions.elementIfVisible(ExpectedConditions.java:302)
	at org.openqa.selenium.support.ui.ExpectedConditions.access$100(ExpectedConditions.java:41)
	at org.openqa.selenium.support.ui.ExpectedConditions$10.apply(ExpectedConditions.java:288)
	at org.openqa.selenium.support.ui.ExpectedConditions$10.apply(ExpectedConditions.java:285)
	at org.openqa.selenium.support.ui.FluentWait.until(FluentWait.java:238)
	at com.powerhouse.commonClass.Waiting.waitForTheVisibilty(Waiting.java:19)
	at com.powerhouse.pageClass.payment.CheckOut.selectingPaymentOption_cod(CheckOut.java:233)
	at com.powerhouse.pageClass.payment.CheckOut.checkingOutProductNewZland(CheckOut.java:277)
	at com.powerhouse.powersite.PowerSiteSubscription.purchageStartupPlan(PowerSiteSubscription.java:67)
	at sun.reflect.NativeMethodAccessorImpl.invoke0(Native Method)
	at sun.reflect.NativeMethodAccessorImpl.invoke(Unknown Source)
	at sun.reflect.DelegatingMethodAccessorImpl.invoke(Unknown Source)
	at java.lang.reflect.Method.invoke(Unknown Source)
	at org.testng.internal.MethodInvocationHelper.invokeMethod(MethodInvocationHelper.java:85)
	at org.testng.internal.Invoker.invokeMethod(Invoker.java:659)
	at org.testng.internal.Invoker.invokeTestMethod(Invoker.java:845)
	at org.testng.internal.Invoker.invokeTestMethods(Invoker.java:1153)
	at org.testng.internal.TestMethodWorker.invokeTestMethods(TestMethodWorker.java:125)
	at org.testng.internal.TestMethodWorker.run(TestMethodWorker.java:108)
	at org.testng.TestRunner.privateRun(TestRunner.java:771)
	at org.testng.TestRunner.run(TestRunner.java:621)
	at org.testng.SuiteRunner.runTest(SuiteRunner.java:357)
	at org.testng.SuiteRunner.access$000(SuiteRunner.java:38)
	at org.testng.SuiteRunner$SuiteWorker.run(SuiteRunner.java:391)
	at org.testng.internal.thread.ThreadUtil$2.call(ThreadUtil.java:64)
	at java.util.concurrent.FutureTask.run(Unknown Source)
	at java.util.concurrent.ThreadPoolExecutor.runWorker(Unknown Source)
	at java.util.concurrent.ThreadPoolExecutor$Worker.run(Unknown Source)
	at java.lang.Thread.run(Unknown Source)
Caused by: org.openqa.selenium.remote.ScreenshotException: Screen shot has been taken
Build info: version: '2.51.0', revision: '1af067dbcaedd7d2ab9af5151fc471d363d97193', time: '2016-02-05 11:20:57'
System info: host: 'User-PC', ip: '169.254.73.225', os.name: 'Windows 7', os.arch: 'amd64', os.version: '6.1', java.version: '1.8.0_144'
Driver info: driver.version: RemoteWebDriver
	at org.openqa.selenium.remote.ErrorHandler.throwIfResponseFailed(ErrorHandler.java:138)
	... 38 more
Caused by: org.openqa.selenium.StaleElementReferenceException: stale element reference: element is not attached to the page document
  (Session info: chrome=65.0.3325.146)
  (Driver info: chromedriver=2.36.540470 (e522d04694c7ebea4ba8821272dbef4f9b818c91),platform=Windows NT 10.0.16299 x86_64) (WARNING: The server did not provide any stacktrace information)
Command duration or timeout: 14 milliseconds
For documentation on this error, please visit: http://seleniumhq.org/exceptions/stale_element_reference.html
Build info: version: '2.53.0', revision: '35ae25b', time: '2016-03-15 17:00:58'
System info: host: '185-129-71-175', ip: '185.129.71.175', os.name: 'windows', os.arch: 'x86', os.version: '10.0', java.version: '1.8.0_161'
Driver info: org.openqa.selenium.chrome.ChromeDriver
Capabilities [{applicationCacheEnabled=false, rotatable=false, mobileEmulationEnabled=false, networkConnectionEnabled=false, chrome={chromedriverVersion=2.36.540470 (e522d04694c7ebea4ba8821272dbef4f9b818c91), userDataDir=C:\Windows\proxy\scoped_dir368_25757}, takesHeapSnapshot=true, pageLoadStrategy=normal, databaseEnabled=false, handlesAlerts=true, hasTouchScreen=false, version=65.0.3325.146, platform=XP, browserConnectionEnabled=false, nativeEvents=true, acceptSslCerts=false, acceptInsecureCerts=false, locationContextEnabled=true, webStorageEnabled=true, browserName=chrome, takesScreenshot=true, javascriptEnabled=true, cssSelectorsEnabled=true, setWindowRect=true, unexpectedAlertBehaviour=}]
Session ID: c155f2479bf0d5db2ceaa11341e9700a
For documentation on this error, please visit: http://seleniumhq.org/exceptions/stale_element_reference.html
Build info: version: '2.51.0', revision: '1af067dbcaedd7d2ab9af5151fc471d363d97193', time: '2016-02-05 11:20:57'
System info: host: 'User-PC', ip: '169.254.73.225', os.name: 'Windows 7', os.arch: 'amd64', os.version: '6.1', java.version: '1.8.0_144'
Driver info: driver.version: RemoteWebDriver
	at sun.reflect.NativeConstructorAccessorImpl.newInstance0(Native Method)
	at sun.reflect.NativeConstructorAccessorImpl.newInstance(Unknown Source)
	at sun.reflect.DelegatingConstructorAccessorImpl.newInstance(Unknown Source)
	at java.lang.reflect.Constructor.newInstance(Unknown Source)
	at org.openqa.selenium.remote.ErrorHandler.createThrowable(ErrorHandler.java:206)
	at org.openqa.selenium.remote.ErrorHandler.throwIfResponseFailed(ErrorHandler.java:158)
	at org.openqa.selenium.remote.RemoteWebDriver.execute(RemoteWebDriver.java:678)
	at org.openqa.selenium.remote.RemoteWebElement.execute(RemoteWebElement.java:327)
	at org.openqa.selenium.remote.RemoteWebElement.isDisplayed(RemoteWebElement.java:368)
	at sun.reflect.GeneratedMethodAccessor22.invoke(Unknown Source)
	at sun.reflect.DelegatingMethodAccessorImpl.invoke(Unknown Source)
	at java.lang.reflect.Method.invoke(Unknown Source)
	at org.openqa.selenium.support.events.EventFiringWebDriver$EventFiringWebElement$1.invoke(EventFiringWebDriver.java:335)
	at com.sun.proxy.$Proxy2.isDisplayed(Unknown Source)
	at org.openqa.selenium.support.events.EventFiringWebDriver$EventFiringWebElement.isDisplayed(EventFiringWebDriver.java:389)
	at sun.reflect.GeneratedMethodAccessor22.invoke(Unknown Source)
	at sun.reflect.DelegatingMethodAccessorImpl.invoke(Unknown Source)
	at java.lang.reflect.Method.invoke(Unknown Source)
	at org.openqa.selenium.remote.server.KnownElements$1.invoke(KnownElements.java:64)
	at com.sun.proxy.$Proxy3.isDisplayed(Unknown Source)
	at org.openqa.selenium.remote.server.handler.GetElementDisplayed.call(GetElementDisplayed.java:32)
	at org.openqa.selenium.remote.server.handler.GetElementDisplayed.call(GetElementDisplayed.java:1)
	at java.util.concurrent.FutureTask.run(Unknown Source)
	at org.openqa.selenium.remote.server.DefaultSession$1.run(DefaultSession.java:176)
	... 3 more
]]>
    </error>
  </testcase> <!-- purchageStartupPlan -->
</testsuite> <!-- com.powerhouse.powersite.PowerSiteSubscription -->
