<?xml version="1.0" encoding="UTF-8"?>
<!-- Generated by org.testng.reporters.JUnitReportReporter -->
<testsuite hostname="User-PC" name="com.powerhouse.powerMailAndLytics.AutoLogin" tests="2" failures="0" timestamp="24 Apr 2018 04:40:17 GMT" time="42.927" errors="0">
  <testcase name="powerMail" time="13.880" classname="com.powerhouse.powerMailAndLytics.AutoLogin"/>
  <testcase name="powerLytic" time="29.047" classname="com.powerhouse.powerMailAndLytics.AutoLogin"/>
</testsuite> <!-- com.powerhouse.powerMailAndLytics.AutoLogin -->
