<?xml version="1.0" encoding="UTF-8"?>
<!-- Generated by org.testng.reporters.JUnitReportReporter -->
<testsuite hostname="User-PC" name="com.powerhouse.loginLogOutTest.LoginAndLogOut" tests="2" failures="0" timestamp="23 Jan 2018 08:54:08 GMT" time="29.595" errors="0">
  <testcase name="logInWithFaceBook" time="15.102" classname="com.powerhouse.loginLogOutTest.LoginAndLogOut"/>
  <testcase name="logInWithGoogle" time="14.493" classname="com.powerhouse.loginLogOutTest.LoginAndLogOut"/>
</testsuite> <!-- com.powerhouse.loginLogOutTest.LoginAndLogOut -->
